2024-09-05 09:37:09,258 - UserLogger - INFO - User query: tell me about daniel tobi


2024-09-05 09:37:09,258 - UserLogger - INFO - User query: tell me about daniel tobi


2024-09-05 09:37:09,258 - UserLogger - INFO - User query: tell me about daniel tobi


2024-09-05 09:37:09,258 - UserLogger - INFO - User query: tell me about daniel tobi


2024-09-05 09:37:09,258 - UserLogger - INFO - User query: tell me about daniel tobi


2024-09-05 09:37:09,258 - UserLogger - INFO - User query: tell me about daniel tobi


2024-09-05 09:37:09,258 - UserLogger - INFO - User query: tell me about daniel tobi


2024-09-05 09:37:09,258 - UserLogger - INFO - User query: tell me about daniel tobi


2024-09-05 09:37:09,258 - UserLogger - INFO - User query: tell me about daniel tobi


2024-09-05 09:37:09,258 - UserLogger - INFO - User query: tell me about daniel tobi


2024-09-05 09:37:09,258 - UserLogger - INFO - User query: tell me about daniel tobi


2024-09-05 09:37:09,258 - UserLogger - INFO - User query: tell me about daniel tobi


2024-09-05 09:37:09,258 - UserLogger - INFO - User query: tell me about daniel tobi


2024-09-05 09:37:09,258 - UserLogger - INFO - User query: tell me about daniel tobi


2024-09-05 09:37:09,258 - UserLogger - INFO - User query: tell me about daniel tobi


2024-09-05 09:37:09,258 - UserLogger - INFO - User query: tell me about daniel tobi


2024-09-05 09:37:09,258 - UserLogger - INFO - User query: tell me about daniel tobi


2024-09-05 09:37:09,258 - UserLogger - INFO - User query: tell me about daniel tobi


2024-09-05 09:37:09,258 - UserLogger - INFO - User query: tell me about daniel tobi


2024-09-05 09:37:09,258 - UserLogger - INFO - User query: tell me about daniel tobi


2024-09-05 09:37:09,258 - UserLogger - INFO - User query: tell me about daniel tobi


2024-09-05 09:37:09,258 - UserLogger - INFO - User query: tell me about daniel tobi


2024-09-05 09:37:09,258 - UserLogger - INFO - User query: tell me about daniel tobi


2024-09-05 09:37:09,258 - UserLogger - INFO - User query: tell me about daniel tobi


2024-09-05 09:37:09,258 - UserLogger - INFO - User query: tell me about daniel tobi


2024-09-05 09:37:09,258 - UserLogger - INFO - User query: tell me about daniel tobi


2024-09-05 09:37:09,258 - UserLogger - INFO - User query: tell me about daniel tobi


2024-09-05 09:37:09,258 - UserLogger - INFO - User query: tell me about daniel tobi


2024-09-05 09:38:28,709 - UserLogger - INFO - User query: who is daniel tobi


2024-09-05 09:38:28,709 - UserLogger - INFO - User query: who is daniel tobi


2024-09-05 09:38:28,709 - UserLogger - INFO - User query: who is daniel tobi


2024-09-05 09:38:28,709 - UserLogger - INFO - User query: who is daniel tobi


2024-09-05 09:38:28,709 - UserLogger - INFO - User query: who is daniel tobi


2024-09-05 09:38:28,709 - UserLogger - INFO - User query: who is daniel tobi


2024-09-05 09:38:28,709 - UserLogger - INFO - User query: who is daniel tobi


2024-09-05 09:38:28,709 - UserLogger - INFO - User query: who is daniel tobi


2024-09-05 09:38:28,709 - UserLogger - INFO - User query: who is daniel tobi


2024-09-05 09:38:28,709 - UserLogger - INFO - User query: who is daniel tobi


2024-09-05 09:38:28,709 - UserLogger - INFO - User query: who is daniel tobi


2024-09-05 09:38:28,709 - UserLogger - INFO - User query: who is daniel tobi


2024-09-05 09:38:28,709 - UserLogger - INFO - User query: who is daniel tobi


2024-09-05 09:38:28,709 - UserLogger - INFO - User query: who is daniel tobi


2024-09-05 09:38:28,709 - UserLogger - INFO - User query: who is daniel tobi


2024-09-05 09:38:28,709 - UserLogger - INFO - User query: who is daniel tobi


2024-09-05 09:38:28,709 - UserLogger - INFO - User query: who is daniel tobi


2024-09-05 09:38:28,709 - UserLogger - INFO - User query: who is daniel tobi


2024-09-05 09:38:28,709 - UserLogger - INFO - User query: who is daniel tobi


2024-09-05 09:38:28,709 - UserLogger - INFO - User query: who is daniel tobi


2024-09-05 09:38:28,709 - UserLogger - INFO - User query: who is daniel tobi


2024-09-05 09:38:28,709 - UserLogger - INFO - User query: who is daniel tobi


2024-09-05 09:38:28,709 - UserLogger - INFO - User query: who is daniel tobi


2024-09-05 09:38:28,709 - UserLogger - INFO - User query: who is daniel tobi


2024-09-05 09:38:28,709 - UserLogger - INFO - User query: who is daniel tobi


2024-09-05 09:38:28,709 - UserLogger - INFO - User query: who is daniel tobi


2024-09-05 09:38:28,709 - UserLogger - INFO - User query: who is daniel tobi


2024-09-05 09:38:28,709 - UserLogger - INFO - User query: who is daniel tobi


2024-09-05 09:38:28,709 - UserLogger - INFO - User query: who is daniel tobi


2024-09-05 09:40:50,154 - UserLogger - INFO - User query: who is daniel tobi


2024-09-05 09:40:50,154 - UserLogger - INFO - User query: who is daniel tobi


2024-09-05 09:40:50,154 - UserLogger - INFO - User query: who is daniel tobi


2024-09-05 09:40:50,154 - UserLogger - INFO - User query: who is daniel tobi


2024-09-05 09:40:50,154 - UserLogger - INFO - User query: who is daniel tobi


2024-09-05 09:40:50,154 - UserLogger - INFO - User query: who is daniel tobi


2024-09-05 09:40:50,154 - UserLogger - INFO - User query: who is daniel tobi


2024-09-05 09:40:50,154 - UserLogger - INFO - User query: who is daniel tobi


2024-09-05 09:40:50,154 - UserLogger - INFO - User query: who is daniel tobi


2024-09-05 09:40:50,154 - UserLogger - INFO - User query: who is daniel tobi


2024-09-05 09:40:50,154 - UserLogger - INFO - User query: who is daniel tobi


2024-09-05 09:40:50,154 - UserLogger - INFO - User query: who is daniel tobi


2024-09-05 09:40:50,154 - UserLogger - INFO - User query: who is daniel tobi


2024-09-05 09:40:50,154 - UserLogger - INFO - User query: who is daniel tobi


2024-09-05 09:40:50,154 - UserLogger - INFO - User query: who is daniel tobi


2024-09-05 09:40:50,154 - UserLogger - INFO - User query: who is daniel tobi


2024-09-05 09:40:50,154 - UserLogger - INFO - User query: who is daniel tobi


2024-09-05 09:40:50,154 - UserLogger - INFO - User query: who is daniel tobi


2024-09-05 09:40:50,154 - UserLogger - INFO - User query: who is daniel tobi


2024-09-05 09:40:50,154 - UserLogger - INFO - User query: who is daniel tobi


2024-09-05 09:40:50,154 - UserLogger - INFO - User query: who is daniel tobi


2024-09-05 09:40:50,154 - UserLogger - INFO - User query: who is daniel tobi


2024-09-05 09:40:50,154 - UserLogger - INFO - User query: who is daniel tobi


2024-09-05 09:40:50,154 - UserLogger - INFO - User query: who is daniel tobi


2024-09-05 09:40:50,154 - UserLogger - INFO - User query: who is daniel tobi


2024-09-05 09:40:50,154 - UserLogger - INFO - User query: who is daniel tobi


2024-09-05 09:40:50,154 - UserLogger - INFO - User query: who is daniel tobi


2024-09-05 09:40:50,154 - UserLogger - INFO - User query: who is daniel tobi


2024-09-05 09:40:50,154 - UserLogger - INFO - User query: who is daniel tobi


2024-09-05 09:40:50,154 - UserLogger - INFO - User query: who is daniel tobi


2024-09-05 09:44:32,346 - UserLogger - INFO - User query: who is daniel


2024-09-05 09:44:32,346 - UserLogger - INFO - User query: who is daniel


2024-09-05 09:44:32,346 - UserLogger - INFO - User query: who is daniel


2024-09-05 09:44:32,346 - UserLogger - INFO - User query: who is daniel


2024-09-05 09:44:32,346 - UserLogger - INFO - User query: who is daniel


2024-09-05 09:44:32,346 - UserLogger - INFO - User query: who is daniel


2024-09-05 09:44:32,346 - UserLogger - INFO - User query: who is daniel


2024-09-05 09:44:32,346 - UserLogger - INFO - User query: who is daniel


2024-09-05 09:44:32,346 - UserLogger - INFO - User query: who is daniel


2024-09-05 09:44:32,346 - UserLogger - INFO - User query: who is daniel


2024-09-05 09:44:32,346 - UserLogger - INFO - User query: who is daniel


2024-09-05 09:44:32,346 - UserLogger - INFO - User query: who is daniel


2024-09-05 09:44:32,346 - UserLogger - INFO - User query: who is daniel


2024-09-05 09:44:32,346 - UserLogger - INFO - User query: who is daniel


2024-09-05 09:44:32,346 - UserLogger - INFO - User query: who is daniel


2024-09-05 09:44:32,346 - UserLogger - INFO - User query: who is daniel


2024-09-05 09:44:32,346 - UserLogger - INFO - User query: who is daniel


2024-09-05 09:44:32,346 - UserLogger - INFO - User query: who is daniel


2024-09-05 09:44:32,346 - UserLogger - INFO - User query: who is daniel


2024-09-05 09:44:32,346 - UserLogger - INFO - User query: who is daniel


2024-09-05 09:44:32,346 - UserLogger - INFO - User query: who is daniel


2024-09-05 09:44:32,346 - UserLogger - INFO - User query: who is daniel


2024-09-05 09:44:32,346 - UserLogger - INFO - User query: who is daniel


2024-09-05 09:44:32,346 - UserLogger - INFO - User query: who is daniel


2024-09-05 09:44:32,346 - UserLogger - INFO - User query: who is daniel


2024-09-05 09:44:32,346 - UserLogger - INFO - User query: who is daniel


2024-09-05 09:44:32,346 - UserLogger - INFO - User query: who is daniel


2024-09-05 09:44:32,346 - UserLogger - INFO - User query: who is daniel


2024-09-05 09:44:32,346 - UserLogger - INFO - User query: who is daniel


2024-09-05 09:44:32,346 - UserLogger - INFO - User query: who is daniel


2024-09-05 09:44:32,346 - UserLogger - INFO - User query: who is daniel


2024-09-05 09:46:53,726 - UserLogger - INFO - User query: tell me about daniel tobi


2024-09-05 09:49:52,040 - UserLogger - INFO - User query: who is daniel tobi


2024-09-05 09:49:52,040 - UserLogger - INFO - User query: who is daniel tobi


2024-09-05 10:01:49,618 - UserLogger - INFO - User query: who is daniel


2024-09-05 10:01:49,618 - UserLogger - INFO - User query: who is daniel


2024-09-05 10:01:49,618 - UserLogger - INFO - User query: who is daniel


2024-09-05 10:01:49,618 - UserLogger - INFO - User query: who is daniel


2024-09-05 10:01:49,618 - UserLogger - INFO - User query: who is daniel


2024-09-05 10:11:06,445 - UserLogger - INFO - User query: who is daniel tobi


2024-09-05 10:11:06,445 - UserLogger - INFO - User query: who is daniel tobi


2024-09-05 10:11:06,445 - UserLogger - INFO - User query: who is daniel tobi


2024-09-05 10:11:06,445 - UserLogger - INFO - User query: who is daniel tobi


2024-09-05 10:11:06,445 - UserLogger - INFO - User query: who is daniel tobi


2024-09-05 10:11:06,445 - UserLogger - INFO - User query: who is daniel tobi


2024-09-05 10:11:06,445 - UserLogger - INFO - User query: who is daniel tobi


2024-09-05 10:13:39,588 - UserLogger - INFO - User query: hello


2024-09-05 10:13:39,588 - UserLogger - INFO - User query: hello


2024-09-05 10:13:39,588 - UserLogger - INFO - User query: hello


2024-09-05 10:13:39,588 - UserLogger - INFO - User query: hello


2024-09-05 10:13:39,588 - UserLogger - INFO - User query: hello


2024-09-05 10:13:39,588 - UserLogger - INFO - User query: hello


2024-09-05 10:13:39,588 - UserLogger - INFO - User query: hello


2024-09-05 10:13:39,588 - UserLogger - INFO - User query: hello


2024-09-05 10:13:39,588 - UserLogger - INFO - User query: hello


2024-09-05 10:18:16,348 - UserLogger - INFO - User query: who is daniel tobi


2024-09-05 10:18:16,348 - UserLogger - INFO - User query: who is daniel tobi


2024-09-05 10:18:16,348 - UserLogger - INFO - User query: who is daniel tobi


2024-09-05 10:18:16,348 - UserLogger - INFO - User query: who is daniel tobi


2024-09-05 10:18:16,348 - UserLogger - INFO - User query: who is daniel tobi


2024-09-05 10:18:16,348 - UserLogger - INFO - User query: who is daniel tobi


2024-09-05 10:18:16,348 - UserLogger - INFO - User query: who is daniel tobi


2024-09-05 10:18:16,348 - UserLogger - INFO - User query: who is daniel tobi


2024-09-05 10:18:16,348 - UserLogger - INFO - User query: who is daniel tobi


2024-09-05 10:18:16,348 - UserLogger - INFO - User query: who is daniel tobi


2024-09-05 10:20:22,731 - UserLogger - INFO - User query: who is daniel tobi


2024-09-05 10:20:22,731 - UserLogger - INFO - User query: who is daniel tobi


2024-09-05 10:20:22,731 - UserLogger - INFO - User query: who is daniel tobi


2024-09-05 10:20:22,731 - UserLogger - INFO - User query: who is daniel tobi


2024-09-05 10:20:22,731 - UserLogger - INFO - User query: who is daniel tobi


2024-09-05 10:20:22,731 - UserLogger - INFO - User query: who is daniel tobi


2024-09-05 10:20:22,731 - UserLogger - INFO - User query: who is daniel tobi


2024-09-05 10:20:22,731 - UserLogger - INFO - User query: who is daniel tobi


2024-09-05 10:20:22,731 - UserLogger - INFO - User query: who is daniel tobi


2024-09-05 10:20:22,731 - UserLogger - INFO - User query: who is daniel tobi


2024-09-05 10:20:22,731 - UserLogger - INFO - User query: who is daniel tobi


2024-09-05 10:20:22,731 - UserLogger - INFO - User query: who is daniel tobi


2024-09-05 10:20:22,731 - UserLogger - INFO - User query: who is daniel tobi


2024-09-05 10:20:22,731 - UserLogger - INFO - User query: who is daniel tobi


2024-09-05 10:20:22,731 - UserLogger - INFO - User query: who is daniel tobi


2024-09-05 10:29:24,248 - UserLogger - INFO - User query: who is daniel


2024-09-05 10:29:24,248 - UserLogger - INFO - User query: who is daniel


2024-09-05 10:29:24,248 - UserLogger - INFO - User query: who is daniel


2024-09-05 10:29:24,248 - UserLogger - INFO - User query: who is daniel


2024-09-05 10:29:24,248 - UserLogger - INFO - User query: who is daniel


2024-09-05 10:29:24,248 - UserLogger - INFO - User query: who is daniel


2024-09-05 10:29:24,248 - UserLogger - INFO - User query: who is daniel


2024-09-05 10:29:24,248 - UserLogger - INFO - User query: who is daniel


2024-09-05 10:29:24,248 - UserLogger - INFO - User query: who is daniel


2024-09-05 10:29:24,248 - UserLogger - INFO - User query: who is daniel


2024-09-05 10:29:24,248 - UserLogger - INFO - User query: who is daniel


2024-09-05 10:29:24,248 - UserLogger - INFO - User query: who is daniel


2024-09-05 10:29:24,248 - UserLogger - INFO - User query: who is daniel


2024-09-05 10:29:24,248 - UserLogger - INFO - User query: who is daniel


2024-09-05 10:29:24,248 - UserLogger - INFO - User query: who is daniel


2024-09-05 10:29:24,248 - UserLogger - INFO - User query: who is daniel


2024-09-05 10:29:24,248 - UserLogger - INFO - User query: who is daniel


2024-09-05 10:31:12,762 - UserLogger - INFO - User query: who is daniel


2024-09-05 10:31:12,762 - UserLogger - INFO - User query: who is daniel


2024-09-05 10:31:12,762 - UserLogger - INFO - User query: who is daniel


2024-09-05 10:31:12,762 - UserLogger - INFO - User query: who is daniel


2024-09-05 10:31:12,762 - UserLogger - INFO - User query: who is daniel


2024-09-05 10:31:12,762 - UserLogger - INFO - User query: who is daniel


2024-09-05 10:31:12,762 - UserLogger - INFO - User query: who is daniel


2024-09-05 10:31:12,762 - UserLogger - INFO - User query: who is daniel


2024-09-05 10:31:12,762 - UserLogger - INFO - User query: who is daniel


2024-09-05 10:31:12,762 - UserLogger - INFO - User query: who is daniel


2024-09-05 10:31:12,762 - UserLogger - INFO - User query: who is daniel


2024-09-05 10:31:12,762 - UserLogger - INFO - User query: who is daniel


2024-09-05 10:31:12,762 - UserLogger - INFO - User query: who is daniel


2024-09-05 10:31:12,762 - UserLogger - INFO - User query: who is daniel


2024-09-05 10:31:12,762 - UserLogger - INFO - User query: who is daniel


2024-09-05 10:31:12,762 - UserLogger - INFO - User query: who is daniel


2024-09-05 10:31:12,762 - UserLogger - INFO - User query: who is daniel


2024-09-05 10:31:12,762 - UserLogger - INFO - User query: who is daniel


2024-09-05 10:32:29,871 - UserLogger - INFO - User query: who is daniel


2024-09-05 10:32:29,871 - UserLogger - INFO - User query: who is daniel


2024-09-05 10:32:29,871 - UserLogger - INFO - User query: who is daniel


2024-09-05 10:32:29,871 - UserLogger - INFO - User query: who is daniel


2024-09-05 10:32:29,871 - UserLogger - INFO - User query: who is daniel


2024-09-05 10:32:29,871 - UserLogger - INFO - User query: who is daniel


2024-09-05 10:32:29,871 - UserLogger - INFO - User query: who is daniel


2024-09-05 10:32:29,871 - UserLogger - INFO - User query: who is daniel


2024-09-05 10:32:29,871 - UserLogger - INFO - User query: who is daniel


2024-09-05 10:32:29,871 - UserLogger - INFO - User query: who is daniel


2024-09-05 10:32:29,871 - UserLogger - INFO - User query: who is daniel


2024-09-05 10:32:29,871 - UserLogger - INFO - User query: who is daniel


2024-09-05 10:32:29,871 - UserLogger - INFO - User query: who is daniel


2024-09-05 10:32:29,871 - UserLogger - INFO - User query: who is daniel


2024-09-05 10:32:29,871 - UserLogger - INFO - User query: who is daniel


2024-09-05 10:32:29,871 - UserLogger - INFO - User query: who is daniel


2024-09-05 10:32:29,871 - UserLogger - INFO - User query: who is daniel


2024-09-05 10:32:29,871 - UserLogger - INFO - User query: who is daniel


2024-09-05 10:32:29,871 - UserLogger - INFO - User query: who is daniel


2024-09-05 10:32:29,871 - UserLogger - INFO - User query: who is daniel


2024-09-05 11:57:14,928 - UserLogger - INFO - User query: limitations in ai


2024-09-05 11:57:14,928 - UserLogger - INFO - User query: limitations in ai


2024-09-05 11:58:28,950 - UserLogger - INFO - User query: limitations in ai


2024-09-05 11:58:28,950 - UserLogger - INFO - User query: limitations in ai


2024-09-05 11:58:28,950 - UserLogger - INFO - User query: limitations in ai


2024-09-05 11:59:50,293 - UserLogger - INFO - User query: tell me about daniel tobi


2024-09-05 11:59:50,293 - UserLogger - INFO - User query: tell me about daniel tobi


2024-09-05 11:59:50,293 - UserLogger - INFO - User query: tell me about daniel tobi


2024-09-05 12:00:57,397 - UserLogger - INFO - User query: where does daniel lives


2024-09-05 12:00:57,397 - UserLogger - INFO - User query: where does daniel lives


2024-09-05 12:00:57,397 - UserLogger - INFO - User query: where does daniel lives


2024-09-05 12:11:13,527 - UserLogger - INFO - User query: tell me about daniel tobi


2024-09-05 12:11:13,527 - UserLogger - INFO - User query: tell me about daniel tobi


2024-09-05 12:11:13,527 - UserLogger - INFO - User query: tell me about daniel tobi


2024-09-05 12:11:13,527 - UserLogger - INFO - User query: tell me about daniel tobi


2024-09-05 12:11:13,527 - UserLogger - INFO - User query: tell me about daniel tobi


2024-09-05 12:11:13,527 - UserLogger - INFO - User query: tell me about daniel tobi


2024-09-05 12:11:13,527 - UserLogger - INFO - User query: tell me about daniel tobi


2024-09-05 12:11:13,527 - UserLogger - INFO - User query: tell me about daniel tobi


2024-09-05 12:11:13,527 - UserLogger - INFO - User query: tell me about daniel tobi


2024-09-05 12:11:13,527 - UserLogger - INFO - User query: tell me about daniel tobi


2024-09-05 12:11:13,527 - UserLogger - INFO - User query: tell me about daniel tobi


2024-09-05 12:11:13,527 - UserLogger - INFO - User query: tell me about daniel tobi


2024-09-05 12:11:13,527 - UserLogger - INFO - User query: tell me about daniel tobi


2024-09-05 12:11:13,527 - UserLogger - INFO - User query: tell me about daniel tobi


2024-09-05 12:11:13,527 - UserLogger - INFO - User query: tell me about daniel tobi


2024-09-05 12:11:13,527 - UserLogger - INFO - User query: tell me about daniel tobi


2024-09-05 12:11:13,527 - UserLogger - INFO - User query: tell me about daniel tobi


2024-09-05 12:11:13,527 - UserLogger - INFO - User query: tell me about daniel tobi


2024-09-05 12:11:13,527 - UserLogger - INFO - User query: tell me about daniel tobi


2024-09-05 12:11:13,527 - UserLogger - INFO - User query: tell me about daniel tobi


2024-09-05 12:13:10,935 - UserLogger - INFO - User query: tell me about daniel tobi


2024-09-05 12:13:10,935 - UserLogger - INFO - User query: tell me about daniel tobi


2024-09-05 12:13:10,935 - UserLogger - INFO - User query: tell me about daniel tobi


2024-09-05 12:13:10,935 - UserLogger - INFO - User query: tell me about daniel tobi


2024-09-05 12:13:10,935 - UserLogger - INFO - User query: tell me about daniel tobi


2024-09-05 12:13:10,935 - UserLogger - INFO - User query: tell me about daniel tobi


2024-09-05 12:13:10,935 - UserLogger - INFO - User query: tell me about daniel tobi


2024-09-05 12:13:10,935 - UserLogger - INFO - User query: tell me about daniel tobi


2024-09-05 12:13:10,935 - UserLogger - INFO - User query: tell me about daniel tobi


2024-09-05 12:13:10,935 - UserLogger - INFO - User query: tell me about daniel tobi


2024-09-05 12:13:10,935 - UserLogger - INFO - User query: tell me about daniel tobi


2024-09-05 12:13:10,935 - UserLogger - INFO - User query: tell me about daniel tobi


2024-09-05 12:13:10,935 - UserLogger - INFO - User query: tell me about daniel tobi


2024-09-05 12:13:10,935 - UserLogger - INFO - User query: tell me about daniel tobi


2024-09-05 12:13:10,935 - UserLogger - INFO - User query: tell me about daniel tobi


2024-09-05 12:13:10,935 - UserLogger - INFO - User query: tell me about daniel tobi


2024-09-05 12:13:10,935 - UserLogger - INFO - User query: tell me about daniel tobi


2024-09-05 12:13:10,935 - UserLogger - INFO - User query: tell me about daniel tobi


2024-09-05 12:13:10,935 - UserLogger - INFO - User query: tell me about daniel tobi


2024-09-05 12:13:10,935 - UserLogger - INFO - User query: tell me about daniel tobi


2024-09-05 12:20:27,832 - UserLogger - INFO - User query: tell me about daniel tobi


2024-09-05 12:20:27,832 - UserLogger - INFO - User query: tell me about daniel tobi


2024-09-05 12:20:27,832 - UserLogger - INFO - User query: tell me about daniel tobi


2024-09-05 12:20:27,832 - UserLogger - INFO - User query: tell me about daniel tobi


2024-09-05 12:20:27,832 - UserLogger - INFO - User query: tell me about daniel tobi


2024-09-05 12:20:27,832 - UserLogger - INFO - User query: tell me about daniel tobi


2024-09-05 12:20:27,832 - UserLogger - INFO - User query: tell me about daniel tobi


2024-09-05 12:20:27,832 - UserLogger - INFO - User query: tell me about daniel tobi


2024-09-05 12:20:27,832 - UserLogger - INFO - User query: tell me about daniel tobi


2024-09-05 12:20:27,832 - UserLogger - INFO - User query: tell me about daniel tobi


2024-09-05 12:20:27,832 - UserLogger - INFO - User query: tell me about daniel tobi


2024-09-05 12:20:27,832 - UserLogger - INFO - User query: tell me about daniel tobi


2024-09-05 12:20:27,832 - UserLogger - INFO - User query: tell me about daniel tobi


2024-09-05 12:20:27,832 - UserLogger - INFO - User query: tell me about daniel tobi


2024-09-05 12:20:27,832 - UserLogger - INFO - User query: tell me about daniel tobi


2024-09-05 12:20:27,832 - UserLogger - INFO - User query: tell me about daniel tobi


2024-09-05 12:20:27,832 - UserLogger - INFO - User query: tell me about daniel tobi


2024-09-05 12:20:27,832 - UserLogger - INFO - User query: tell me about daniel tobi


2024-09-05 12:20:27,832 - UserLogger - INFO - User query: tell me about daniel tobi


2024-09-05 12:20:27,832 - UserLogger - INFO - User query: tell me about daniel tobi


2024-09-05 12:20:27,832 - UserLogger - INFO - User query: tell me about daniel tobi


2024-09-05 12:22:26,014 - UserLogger - INFO - User query: can daniel do machine learning


2024-09-05 12:22:26,014 - UserLogger - INFO - User query: can daniel do machine learning


2024-09-05 12:22:26,014 - UserLogger - INFO - User query: can daniel do machine learning


2024-09-05 12:22:26,014 - UserLogger - INFO - User query: can daniel do machine learning


2024-09-05 12:22:26,014 - UserLogger - INFO - User query: can daniel do machine learning


2024-09-05 12:22:26,014 - UserLogger - INFO - User query: can daniel do machine learning


2024-09-05 12:22:26,014 - UserLogger - INFO - User query: can daniel do machine learning


2024-09-05 12:22:26,014 - UserLogger - INFO - User query: can daniel do machine learning


2024-09-05 12:22:26,014 - UserLogger - INFO - User query: can daniel do machine learning


2024-09-05 12:22:26,014 - UserLogger - INFO - User query: can daniel do machine learning


2024-09-05 12:22:26,014 - UserLogger - INFO - User query: can daniel do machine learning


2024-09-05 12:22:26,014 - UserLogger - INFO - User query: can daniel do machine learning


2024-09-05 12:22:26,014 - UserLogger - INFO - User query: can daniel do machine learning


2024-09-05 12:22:26,014 - UserLogger - INFO - User query: can daniel do machine learning


2024-09-05 12:22:26,014 - UserLogger - INFO - User query: can daniel do machine learning


2024-09-05 12:22:26,014 - UserLogger - INFO - User query: can daniel do machine learning


2024-09-05 12:22:26,014 - UserLogger - INFO - User query: can daniel do machine learning


2024-09-05 12:22:26,014 - UserLogger - INFO - User query: can daniel do machine learning


2024-09-05 12:22:26,014 - UserLogger - INFO - User query: can daniel do machine learning


2024-09-05 12:22:26,014 - UserLogger - INFO - User query: can daniel do machine learning


2024-09-05 12:22:26,014 - UserLogger - INFO - User query: can daniel do machine learning


2024-09-05 12:39:36,798 - UserLogger - INFO - User query: tell me about daniel tobi


2024-09-05 12:39:36,798 - UserLogger - INFO - User query: tell me about daniel tobi


2024-09-05 12:39:36,798 - UserLogger - INFO - User query: tell me about daniel tobi


2024-09-05 12:39:36,798 - UserLogger - INFO - User query: tell me about daniel tobi


2024-09-05 12:39:36,798 - UserLogger - INFO - User query: tell me about daniel tobi


2024-09-05 12:39:36,798 - UserLogger - INFO - User query: tell me about daniel tobi


2024-09-05 12:39:36,798 - UserLogger - INFO - User query: tell me about daniel tobi


2024-09-05 12:39:36,798 - UserLogger - INFO - User query: tell me about daniel tobi


2024-09-05 12:39:36,798 - UserLogger - INFO - User query: tell me about daniel tobi


2024-09-05 12:39:36,798 - UserLogger - INFO - User query: tell me about daniel tobi


2024-09-05 12:39:36,798 - UserLogger - INFO - User query: tell me about daniel tobi


2024-09-05 12:39:36,798 - UserLogger - INFO - User query: tell me about daniel tobi


2024-09-05 12:39:36,798 - UserLogger - INFO - User query: tell me about daniel tobi


2024-09-05 12:39:36,798 - UserLogger - INFO - User query: tell me about daniel tobi


2024-09-05 12:39:36,798 - UserLogger - INFO - User query: tell me about daniel tobi


2024-09-05 12:39:36,798 - UserLogger - INFO - User query: tell me about daniel tobi


2024-09-05 12:39:36,798 - UserLogger - INFO - User query: tell me about daniel tobi


2024-09-05 12:39:36,798 - UserLogger - INFO - User query: tell me about daniel tobi


2024-09-05 12:39:36,798 - UserLogger - INFO - User query: tell me about daniel tobi


2024-09-05 12:39:36,798 - UserLogger - INFO - User query: tell me about daniel tobi


2024-09-05 12:39:36,798 - UserLogger - INFO - User query: tell me about daniel tobi


2024-09-05 12:52:03,218 - UserLogger - INFO - User query: tell me about daniel tobi


2024-09-05 12:52:03,218 - UserLogger - INFO - User query: tell me about daniel tobi


2024-09-05 12:52:03,218 - UserLogger - INFO - User query: tell me about daniel tobi


2024-09-05 12:52:03,218 - UserLogger - INFO - User query: tell me about daniel tobi


2024-09-05 12:52:03,218 - UserLogger - INFO - User query: tell me about daniel tobi


2024-09-05 12:52:03,218 - UserLogger - INFO - User query: tell me about daniel tobi


2024-09-05 12:52:03,218 - UserLogger - INFO - User query: tell me about daniel tobi


2024-09-05 12:52:03,218 - UserLogger - INFO - User query: tell me about daniel tobi


2024-09-05 12:52:03,218 - UserLogger - INFO - User query: tell me about daniel tobi


2024-09-05 12:52:03,218 - UserLogger - INFO - User query: tell me about daniel tobi


2024-09-05 12:52:03,218 - UserLogger - INFO - User query: tell me about daniel tobi


2024-09-05 12:52:03,218 - UserLogger - INFO - User query: tell me about daniel tobi


2024-09-05 12:52:03,218 - UserLogger - INFO - User query: tell me about daniel tobi


2024-09-05 12:52:03,218 - UserLogger - INFO - User query: tell me about daniel tobi


2024-09-05 12:52:03,218 - UserLogger - INFO - User query: tell me about daniel tobi


2024-09-05 12:52:03,218 - UserLogger - INFO - User query: tell me about daniel tobi


2024-09-05 12:52:03,218 - UserLogger - INFO - User query: tell me about daniel tobi


2024-09-05 12:52:03,218 - UserLogger - INFO - User query: tell me about daniel tobi


2024-09-05 12:52:03,218 - UserLogger - INFO - User query: tell me about daniel tobi


2024-09-05 12:52:03,218 - UserLogger - INFO - User query: tell me about daniel tobi


2024-09-05 12:52:03,218 - UserLogger - INFO - User query: tell me about daniel tobi


2024-09-05 12:52:03,218 - UserLogger - INFO - User query: tell me about daniel tobi


2024-09-05 13:07:43,947 - UserLogger - INFO - User query: daniel


2024-09-05 13:32:55,896 - UserLogger - INFO - User query: tell me about daniel


2024-09-05 13:32:55,896 - UserLogger - INFO - User query: tell me about daniel


2024-09-05 13:43:46,946 - UserLogger - INFO - User query: who is daniel tobi


2024-09-05 13:44:05,160 - UserLogger - INFO - User query: where is he from


2024-09-05 13:44:05,160 - UserLogger - INFO - User query: where is he from


2024-09-05 13:45:12,763 - UserLogger - INFO - User query: limitations in ai


2024-09-05 13:45:12,763 - UserLogger - INFO - User query: limitations in ai


2024-09-05 14:05:38,442 - UserLogger - INFO - User query: daniel past experience


2024-09-05 14:05:38,442 - UserLogger - INFO - User query: daniel past experience


2024-09-05 14:05:38,442 - UserLogger - INFO - User query: daniel past experience


2024-09-05 14:05:38,442 - UserLogger - INFO - User query: daniel past experience


2024-09-05 14:05:38,442 - UserLogger - INFO - User query: daniel past experience


2024-09-05 14:05:38,442 - UserLogger - INFO - User query: daniel past experience


2024-09-05 14:05:38,442 - UserLogger - INFO - User query: daniel past experience


2024-09-05 14:05:38,442 - UserLogger - INFO - User query: daniel past experience


2024-09-05 14:05:38,442 - UserLogger - INFO - User query: daniel past experience


2024-09-05 14:06:14,615 - UserLogger - INFO - User query: daniel past experience


2024-09-05 14:06:14,615 - UserLogger - INFO - User query: daniel past experience


2024-09-05 14:06:14,615 - UserLogger - INFO - User query: daniel past experience


2024-09-05 14:06:14,615 - UserLogger - INFO - User query: daniel past experience


2024-09-05 14:06:14,615 - UserLogger - INFO - User query: daniel past experience


2024-09-05 14:06:14,615 - UserLogger - INFO - User query: daniel past experience


2024-09-05 14:06:14,615 - UserLogger - INFO - User query: daniel past experience


2024-09-05 14:06:14,615 - UserLogger - INFO - User query: daniel past experience


2024-09-05 14:06:14,615 - UserLogger - INFO - User query: daniel past experience


2024-09-05 14:06:51,669 - UserLogger - INFO - User query: profile summary of daniel tobi


2024-09-05 14:06:51,669 - UserLogger - INFO - User query: profile summary of daniel tobi


2024-09-05 14:06:51,669 - UserLogger - INFO - User query: profile summary of daniel tobi


2024-09-05 14:06:51,669 - UserLogger - INFO - User query: profile summary of daniel tobi


2024-09-05 14:06:51,669 - UserLogger - INFO - User query: profile summary of daniel tobi


2024-09-05 14:06:51,669 - UserLogger - INFO - User query: profile summary of daniel tobi


2024-09-05 14:06:51,669 - UserLogger - INFO - User query: profile summary of daniel tobi


2024-09-05 14:06:51,669 - UserLogger - INFO - User query: profile summary of daniel tobi


2024-09-05 14:06:51,669 - UserLogger - INFO - User query: profile summary of daniel tobi


2024-09-05 14:13:28,849 - UserLogger - INFO - User query: tell me about daniel


2024-09-05 14:17:28,545 - UserLogger - INFO - User query: tell me about daniel


2024-09-05 14:17:28,545 - UserLogger - INFO - User query: tell me about daniel


2024-09-05 14:17:28,545 - UserLogger - INFO - User query: tell me about daniel


2024-09-05 14:17:28,545 - UserLogger - INFO - User query: tell me about daniel


2024-09-05 14:17:28,545 - UserLogger - INFO - User query: tell me about daniel


2024-09-05 14:17:28,545 - UserLogger - INFO - User query: tell me about daniel


2024-09-05 14:17:28,545 - UserLogger - INFO - User query: tell me about daniel


2024-09-05 14:17:28,545 - UserLogger - INFO - User query: tell me about daniel


